#
# There is insufficient memory for the Java Runtime Environment to continue.
# Native memory allocation (mmap) failed to map 65011712 bytes for Failed to commit area from 0x00000000e0000000 to 0x00000000e3e00000 of length 65011712.
# Possible reasons:
#   The system is out of physical RAM or swap space
#   The process is running with CompressedOops enabled, and the Java Heap may be blocking the growth of the native heap
# Possible solutions:
#   Reduce memory load on the system
#   Increase physical memory or swap space
#   Check if swap backing store is full
#   Decrease Java heap size (-Xmx/-Xms)
#   Decrease number of Java threads
#   Decrease Java thread stack sizes (-Xss)
#   Set larger code cache with -XX:ReservedCodeCacheSize=
# This output file may be truncated or incomplete.
#
#  Out of Memory Error (./src/hotspot/os/windows/os_windows.cpp:3386), pid=13024, tid=3764
#
# JRE version:  (11.0.17+8) (build )
# Java VM: OpenJDK 64-Bit Server VM (11.0.17+8-LTS, mixed mode, sharing, tiered, compressed oops, g1 gc, windows-amd64)
# No core dump will be written. Minidumps are not enabled by default on client versions of Windows
#

---------------  S U M M A R Y ------------

Command Line: -Dorg.gradle.internal.worker.tmpdir=C:\IdeaProjects\CardDelivery\build\tmp\test\work -Dorg.gradle.native=false -Dselenide.headless --add-opens=java.base/java.util=ALL-UNNAMED --add-opens=java.base/java.lang=ALL-UNNAMED -Xmx512m -Dfile.encoding=windows-1251 -Duser.country=RU -Duser.language=ru -Duser.variant -ea worker.org.gradle.process.internal.worker.GradleWorkerMain 'Gradle Test Executor 6'

Host: Intel(R) Pentium(R) Silver N5030 CPU @ 1.10GHz, 4 cores, 3G,  Windows 11 , 64 bit Build 22000 (10.0.22000.1516)
Time: Tue Mar 14 18:08:09 2023  Windows 11 , 64 bit Build 22000 (10.0.22000.1516) elapsed time: 0.081443 seconds (0d 0h 0m 0s)

---------------  T H R E A D  ---------------

Current thread (0x00000147afddb800):  JavaThread "Unknown thread" [_thread_in_vm, id=3764, stack(0x0000002dc1200000,0x0000002dc1300000)]

Stack: [0x0000002dc1200000,0x0000002dc1300000]
Native frames: (J=compiled Java code, j=interpreted, Vv=VM code, C=native code)
V  [jvm.dll+0x61f66a]
V  [jvm.dll+0x7ac889]
V  [jvm.dll+0x7adf78]
V  [jvm.dll+0x7ae653]
V  [jvm.dll+0x24fbe8]
V  [jvm.dll+0x61c97a]
V  [jvm.dll+0x611105]
V  [jvm.dll+0x307b2c]
V  [jvm.dll+0x3079b2]
V  [jvm.dll+0x30c6c6]
V  [jvm.dll+0x352d5f]
V  [jvm.dll+0x352790]
V  [jvm.dll+0x2e4b38]
V  [jvm.dll+0x2e5c96]
V  [jvm.dll+0x7866c7]
V  [jvm.dll+0x787e4f]
V  [jvm.dll+0x35fac9]
V  [jvm.dll+0x769630]
V  [jvm.dll+0x3cd5ef]
V  [jvm.dll+0x3cf981]
C  [jli.dll+0x5207]
C  [ucrtbase.dll+0x26c0c]
C  [KERNEL32.DLL+0x155a0]
C  [ntdll.dll+0x485b]


---------------  P R O C E S S  ---------------

Threads class SMR info:
_java_thread_list=0x00000147afb83fb0, length=0, elements={
}

Java Threads: ( => current thread )

Other Threads:
  0x00000147afdf6000 GCTaskThread "GC Thread#0" [stack: 0x0000002dc1300000,0x0000002dc1400000] [id=15440]
  0x00000147afe05000 ConcurrentGCThread "G1 Main Marker" [stack: 0x0000002dc1400000,0x0000002dc1500000] [id=2056]
  0x00000147afe07000 ConcurrentGCThread "G1 Conc#0" [stack: 0x0000002dc1500000,0x0000002dc1600000] [id=11468]

[error occurred during error reporting (printing all threads), id 0xc0000005, EXCEPTION_ACCESS_VIOLATION (0xc0000005) at pc=0x00007ff9d8be4307]

VM state:not at safepoint (not fully initialized)

VM Mutex/Monitor currently owned by a thread:  ([mutex/lock_event])
[0x00000147afdd8b40] Heap_lock - owner thread: 0x00000147afddb800

Heap address: 0x00000000e0000000, size: 512 MB, Compressed Oops mode: Non-zero based: 0x00000000e0000000
Narrow klass base: 0x0000000000000000, Narrow klass shift: 0

GC Heap History (0 events):
No events

Deoptimization events (0 events):
No events

Classes redefined (0 events):
No events

Internal exceptions (0 events):
No events

Events (1 events):
Event: 0.041 Loaded shared library C:\Users\mezis\.jdks\corretto-11.0.17\bin\zip.dll


Dynamic libraries:
0x00007ff75d9d0000 - 0x00007ff75d9dd000 	C:\Users\mezis\.jdks\corretto-11.0.17\bin\java.exe
0x00007ffa34a60000 - 0x00007ffa34c69000 	C:\Windows\SYSTEM32\ntdll.dll
0x00007ff9fa3a0000 - 0x00007ff9fa3b9000 	C:\Program Files\Avast Software\Avast\aswhook.dll
0x00007ffa340e0000 - 0x00007ffa3419e000 	C:\Windows\System32\KERNEL32.DLL
0x00007ffa32440000 - 0x00007ffa327bc000 	C:\Windows\System32\KERNELBASE.dll
0x00007ffa32320000 - 0x00007ffa32431000 	C:\Windows\System32\ucrtbase.dll
0x00007ffa210d0000 - 0x00007ffa210e7000 	C:\Users\mezis\.jdks\corretto-11.0.17\bin\jli.dll
0x00007ffa32b30000 - 0x00007ffa32cdd000 	C:\Windows\System32\USER32.dll
0x00007ffa31fb0000 - 0x00007ffa31fd6000 	C:\Windows\System32\win32u.dll
0x00007ffa33810000 - 0x00007ffa33839000 	C:\Windows\System32\GDI32.dll
0x00007ffa327c0000 - 0x00007ffa328d8000 	C:\Windows\System32\gdi32full.dll
0x00007ffa32280000 - 0x00007ffa3231d000 	C:\Windows\System32\msvcp_win.dll
0x00007ffa210b0000 - 0x00007ffa210c9000 	C:\Users\mezis\.jdks\corretto-11.0.17\bin\VCRUNTIME140.dll
0x00007ffa205a0000 - 0x00007ffa20845000 	C:\Windows\WinSxS\amd64_microsoft.windows.common-controls_6595b64144ccf1df_6.0.22000.120_none_9d947278b86cc467\COMCTL32.dll
0x00007ffa33190000 - 0x00007ffa33233000 	C:\Windows\System32\msvcrt.dll
0x00007ffa33840000 - 0x00007ffa33872000 	C:\Windows\System32\IMM32.DLL
0x00007ffa1b2f0000 - 0x00007ffa1b38b000 	C:\Users\mezis\.jdks\corretto-11.0.17\bin\msvcp140.dll
0x00007ff9d88f0000 - 0x00007ff9d9475000 	C:\Users\mezis\.jdks\corretto-11.0.17\bin\server\jvm.dll
0x00007ffa33750000 - 0x00007ffa337fe000 	C:\Windows\System32\ADVAPI32.dll
0x00007ffa335c0000 - 0x00007ffa3365e000 	C:\Windows\System32\sechost.dll
0x00007ffa33410000 - 0x00007ffa33530000 	C:\Windows\System32\RPCRT4.dll
0x00007ffa34050000 - 0x00007ffa34058000 	C:\Windows\System32\PSAPI.DLL
0x00007ffa212e0000 - 0x00007ffa212e9000 	C:\Windows\SYSTEM32\WSOCK32.dll
0x00007ffa341a0000 - 0x00007ffa3420f000 	C:\Windows\System32\WS2_32.dll
0x00007ffa2b7d0000 - 0x00007ffa2b803000 	C:\Windows\SYSTEM32\WINMM.dll
0x00007ffa2a410000 - 0x00007ffa2a41a000 	C:\Windows\SYSTEM32\VERSION.dll
0x00007ffa30fb0000 - 0x00007ffa30fc8000 	C:\Windows\SYSTEM32\kernel.appcore.dll
0x00007ffa29710000 - 0x00007ffa29720000 	C:\Users\mezis\.jdks\corretto-11.0.17\bin\verify.dll
0x00007ffa2f960000 - 0x00007ffa2fb81000 	C:\Windows\SYSTEM32\DBGHELP.DLL
0x00007ffa276b0000 - 0x00007ffa276e1000 	C:\Windows\SYSTEM32\dbgcore.DLL
0x00007ffa31f30000 - 0x00007ffa31faf000 	C:\Windows\System32\bcryptPrimitives.dll
0x00007ffa1ca80000 - 0x00007ffa1caa8000 	C:\Users\mezis\.jdks\corretto-11.0.17\bin\java.dll
0x00007ffa227b0000 - 0x00007ffa227ba000 	C:\Users\mezis\.jdks\corretto-11.0.17\bin\jimage.dll
0x00007ffa1da20000 - 0x00007ffa1da38000 	C:\Users\mezis\.jdks\corretto-11.0.17\bin\zip.dll

dbghelp: loaded successfully - version: 4.0.5 - missing functions: none
symbol engine: initialized successfully - sym options: 0x614 - pdb path: .;C:\Users\mezis\.jdks\corretto-11.0.17\bin;C:\Windows\SYSTEM32;C:\Program Files\Avast Software\Avast;C:\Windows\WinSxS\amd64_microsoft.windows.common-controls_6595b64144ccf1df_6.0.22000.120_none_9d947278b86cc467;C:\Users\mezis\.jdks\corretto-11.0.17\bin\server

VM Arguments:
jvm_args: -Dorg.gradle.internal.worker.tmpdir=C:\IdeaProjects\CardDelivery\build\tmp\test\work -Dorg.gradle.native=false -Dselenide.headless --add-opens=java.base/java.util=ALL-UNNAMED --add-opens=java.base/java.lang=ALL-UNNAMED -Xmx512m -Dfile.encoding=windows-1251 -Duser.country=RU -Duser.language=ru -Duser.variant -ea 
java_command: worker.org.gradle.process.internal.worker.GradleWorkerMain 'Gradle Test Executor 6'
java_class_path (initial): C:\\Users\\mezis\\.gradle\\caches\\7.4\\workerMain\\gradle-worker.jar;C:\\IdeaProjects\\CardDelivery\\build\\classes\\java\\test;C:\\Users\\mezis\\.gradle\\caches\\modules-2\\files-2.1\\org.junit.platform\\junit-platform-engine\\1.8.1\\e6c63bf990dc88a6527b4ed617b23e47048f07e0\\junit-platform-engine-1.8.1.jar;C:\\Users\\mezis\\.gradle\\caches\\modules-2\\files-2.1\\org.junit.platform\\junit-platform-commons\\1.8.1\\1e362cbe6d0f225b066757865e233972557484\\junit-platform-commons-1.8.1.jar;C:\\Users\\mezis\\.gradle\\caches\\modules-2\\files-2.1\\org.junit.jupiter\\junit-jupiter-engine\\5.8.1\\21b86e08aae2720bbf017703669948be96d1388c\\junit-jupiter-engine-5.8.1.jar;C:\\Users\\mezis\\.gradle\\caches\\modules-2\\files-2.1\\org.junit.jupiter\\junit-jupiter-api\\5.8.1\\6538b88eb8bf8811bc7b6efb5246f835c15e0bfe\\junit-jupiter-api-5.8.1.jar;C:\\Users\\mezis\\.gradle\\caches\\modules-2\\files-2.1\\org.testng\\testng\\7.1.0\\b0bcea778fb2899aeb4014c558babea8833d180a\\testng-7.1.0.jar;C:\\Users\\mezis\\.gradle\\caches\\modules-2\\files-2.1\\com.codeborne\\selenide\\6.12.2\\e861590e2754d57502d8ac17aa8a5c91c64aa5c1\\selenide-6.12.2.jar;C:\\Users\\mezis\\.gradle\\caches\\modules-2\\files-2.1\\com.codeborne\\selenide-core\\6.12.2\\12f384b62c898a6ef9aeaec95b0138758bf18b28\\selenide-core-6.12.2.jar;C:\\Users\\mezis\\.gradle\\caches\\modules-2\\files-2.1\\org.opentest4j\\opentest4j\\1.2.0\\28c11eb91f9b6d8e200631d46e20a7f407f2a046\\opentest4j-1.2.0.jar;C:\\Users\\mezis\\.gradle\\caches\\modules-2\\files-2.1\\org.seleniumhq.selenium\\selenium-java\\4.8.1\\18cef0adbc08d152da07b234a04f6e8240ce215f\\selenium-java-4.8.1.jar;C:\\Users\\mezis\\.gradle\\caches\\modules-2\\files-2.1\\org.seleniumhq.selenium\\selenium-chrome-driver\\4.8.1\\4530c7747b1b19139b17ea6e289d6c93cb34b3c4\\selenium-chrome-driver-4.8.1.jar;C:\\Users\\mezis\\.gradle\\caches\\modules-2\\files-2.1\\org.seleniumhq.selenium\\selenium-devtools-v108\\4.8.1\\86b0e80c8062e2202087203f51a9e77f2a8ada38\\selen
Launcher Type: SUN_STANDARD

[Global flags]
     intx CICompilerCount                          = 3                                         {product} {ergonomic}
     uint ConcGCThreads                            = 1                                         {product} {ergonomic}
     uint G1ConcRefinementThreads                  = 4                                         {product} {ergonomic}
   size_t G1HeapRegionSize                         = 1048576                                   {product} {ergonomic}
    uintx GCDrainStackTargetSize                   = 64                                        {product} {ergonomic}
   size_t InitialHeapSize                          = 65011712                                  {product} {ergonomic}
   size_t MarkStackSize                            = 4194304                                   {product} {ergonomic}
   size_t MaxHeapSize                              = 536870912                                 {product} {command line}
   size_t MinHeapDeltaBytes                        = 1048576                                   {product} {ergonomic}
    uintx NonNMethodCodeHeapSize                   = 5830732                                {pd product} {ergonomic}
    uintx NonProfiledCodeHeapSize                  = 122913754                              {pd product} {ergonomic}
    uintx ProfiledCodeHeapSize                     = 122913754                              {pd product} {ergonomic}
    uintx ReservedCodeCacheSize                    = 251658240                              {pd product} {ergonomic}
     bool SegmentedCodeCache                       = true                                      {product} {ergonomic}
     bool UseCompressedClassPointers               = true                                 {lp64_product} {ergonomic}
     bool UseCompressedOops                        = true                                 {lp64_product} {ergonomic}
     bool UseG1GC                                  = true                                      {product} {ergonomic}
     bool UseLargePagesIndividualAllocation        = false                                  {pd product} {ergonomic}

Logging:
Log output configuration:
 #0: stdout all=warning uptime,level,tags
 #1: stderr all=off uptime,level,tags

Environment Variables:
PATH=C:\Program Files\Eclipse Adoptium\jdk-11.0.18.10-hotspot\bin;C:\Windows\system32;C:\Windows;C:\Windows\System32\Wbem;C:\Windows\System32\WindowsPowerShell\v1.0\;C:\Windows\System32\OpenSSH\;C:\Program Files\Git\cmd;C:\Users\mezis\AppData\Local\Microsoft\WindowsApps;C:\Users\mezis\AppData\Local\Programs\Microsoft VS Code\bin;C:\Users\mezis\AppData\Local\Programs\Fiddler;C:\Program Files\JetBrains\IntelliJ IDEA Community Edition 2022.2.4\bin;C:\platform-tools;
USERNAME=mezis
OS=Windows_NT
PROCESSOR_IDENTIFIER=Intel64 Family 6 Model 122 Stepping 8, GenuineIntel
TMP=C:\Users\mezis\AppData\Local\Temp
TEMP=C:\Users\mezis\AppData\Local\Temp



---------------  S Y S T E M  ---------------

OS: Windows 11 , 64 bit Build 22000 (10.0.22000.1516)
OS uptime: 1 days 23:32 hours

CPU:total 4 (initial active 4) (4 cores per cpu, 1 threads per core) family 6 model 122 stepping 8 microcode 0x18, cmov, cx8, fxsr, mmx, sse, sse2, sse3, ssse3, sse4.1, sse4.2, popcnt, aes, clmul, erms, 3dnowpref, tsc, tscinvbit, sha

Memory: 4k page, system-wide physical 3918M (242M free)
TotalPageFile size 15694M (AvailPageFile size 57M)
current process WorkingSet (physical memory assigned to process): 9M, peak: 9M
current process commit charge ("private bytes"): 51M, peak: 113M

vm_info: OpenJDK 64-Bit Server VM (11.0.17+8-LTS) for windows-amd64 JRE (11.0.17+8-LTS), built on Oct 14 2022 18:02:01 by "Administrator" with MS VC++ 15.9 (VS2017)

END.
